
  .   ____          _            __ _ _
 /\\ / ___'_ __ _ _(_)_ __  __ _ \ \ \ \
( ( )\___ | '_ | '_| | '_ \/ _` | \ \ \ \
 \\/  ___)| |_)| | | | | || (_| |  ) ) ) )
  '  |____| .__|_| |_|_| |_\__, | / / / /
 =========|_|==============|___/=/_/_/_/
 :: Spring Boot ::        (v1.4.2.RELEASE)

2019-11-18 09:51:29.972  INFO 68669 --- [           main] c.i.c.pm.ApplicationStartup              : Starting ApplicationStartup v1.0-SNAPSHOT on localhost with PID 68669 (/Users/eladcohen/IdeaProjects/probabilistic-model/exe/probabilistic-model-1.0-SNAPSHOT.jar started by eladcohen in /Users/eladcohen/IdeaProjects/probabilistic-model/exe)
2019-11-18 09:51:29.976  INFO 68669 --- [           main] c.i.c.pm.ApplicationStartup              : No active profile set, falling back to default profiles: default
2019-11-18 09:51:30.061  INFO 68669 --- [           main] ationConfigEmbeddedWebApplicationContext : Refreshing org.springframework.boot.context.embedded.AnnotationConfigEmbeddedWebApplicationContext@4459eb14: startup date [Mon Nov 18 09:51:30 IST 2019]; root of context hierarchy
2019-11-18 09:51:32.070  INFO 68669 --- [           main] org.eclipse.jetty.util.log               : Logging initialized @3734ms
2019-11-18 09:51:32.257  INFO 68669 --- [           main] e.j.JettyEmbeddedServletContainerFactory : Server initialized with port: 8080
2019-11-18 09:51:32.260  INFO 68669 --- [           main] org.eclipse.jetty.server.Server          : jetty-9.3.14.v20161028
2019-11-18 09:51:32.448  INFO 68669 --- [           main] application                              : Initializing Spring embedded WebApplicationContext
2019-11-18 09:51:32.448  INFO 68669 --- [           main] o.s.web.context.ContextLoader            : Root WebApplicationContext: initialization completed in 2392 ms
2019-11-18 09:51:32.607  INFO 68669 --- [           main] o.s.b.w.servlet.ServletRegistrationBean  : Mapping servlet: 'dispatcherServlet' to [/]
2019-11-18 09:51:32.610  INFO 68669 --- [           main] o.s.b.w.servlet.FilterRegistrationBean   : Mapping filter: 'characterEncodingFilter' to: [/*]
2019-11-18 09:51:32.610  INFO 68669 --- [           main] o.s.b.w.servlet.FilterRegistrationBean   : Mapping filter: 'hiddenHttpMethodFilter' to: [/*]
2019-11-18 09:51:32.610  INFO 68669 --- [           main] o.s.b.w.servlet.FilterRegistrationBean   : Mapping filter: 'httpPutFormContentFilter' to: [/*]
2019-11-18 09:51:32.610  INFO 68669 --- [           main] o.s.b.w.servlet.FilterRegistrationBean   : Mapping filter: 'requestContextFilter' to: [/*]
2019-11-18 09:51:32.859  INFO 68669 --- [           main] o.e.jetty.server.handler.ContextHandler  : Started o.s.b.c.e.j.JettyEmbeddedWebAppContext@60704c{/,file:///private/var/folders/l2/yt5xwzyx7k5c19l5295340n80000gn/T/jetty-docbase.9144307530230149916.8080/,AVAILABLE}
2019-11-18 09:51:32.859  INFO 68669 --- [           main] org.eclipse.jetty.server.Server          : Started @4527ms
2019-11-18 09:51:33.595  INFO 68669 --- [           main] s.w.s.m.m.a.RequestMappingHandlerMapping : Mapped "{[/bayesian/chordal],methods=[POST]}" onto public org.springframework.http.ResponseEntity<java.lang.Boolean> com.idc.computersience.pm.controller.BayesianNetworkController.isChordal(java.lang.String,com.idc.computersience.pm.model.BayesianNetwork)
2019-11-18 09:51:33.598  INFO 68669 --- [           main] s.w.s.m.m.a.RequestMappingHandlerMapping : Mapped "{[/undirected/eliminate/{node2Eliminate}],methods=[POST]}" onto public org.springframework.http.ResponseEntity<com.idc.computersience.pm.controller.model.undirected.LeanGraph> com.idc.computersience.pm.controller.BayesianNetworkController.eliminateNode(com.idc.computersience.pm.controller.model.undirected.LeanGraph,java.lang.String)
2019-11-18 09:51:33.599  INFO 68669 --- [           main] s.w.s.m.m.a.RequestMappingHandlerMapping : Mapped "{[/bayesian/network],methods=[POST]}" onto public java.util.List<com.idc.computersience.pm.model.Node> com.idc.computersience.pm.controller.BayesianNetworkController.createBayesianNetwork(com.idc.computersience.pm.controller.BayesianCreateRequest)
2019-11-18 09:51:33.599  INFO 68669 --- [           main] s.w.s.m.m.a.RequestMappingHandlerMapping : Mapped "{[/bayesian/network/load],methods=[GET]}" onto public org.springframework.http.ResponseEntity<com.idc.computersience.pm.model.BayesianNetwork> com.idc.computersience.pm.controller.BayesianNetworkController.loadNetwork(java.lang.String)
2019-11-18 09:51:33.600  INFO 68669 --- [           main] s.w.s.m.m.a.RequestMappingHandlerMapping : Mapped "{[/bayesian/network/create],methods=[POST]}" onto public org.springframework.http.ResponseEntity<java.lang.Boolean> com.idc.computersience.pm.controller.BayesianNetworkController.saveNetwork(com.idc.computersience.pm.controller.BayesianCreateRequest)
2019-11-18 09:51:33.601  INFO 68669 --- [           main] s.w.s.m.m.a.RequestMappingHandlerMapping : Mapped "{[/general/choose],methods=[POST]}" onto public org.springframework.http.ResponseEntity<java.lang.Boolean> com.idc.computersience.pm.controller.BayesianNetworkController.chooseFile(com.idc.computersience.pm.controller.model.NetworkPath)
2019-11-18 09:51:33.601  INFO 68669 --- [           main] s.w.s.m.m.a.RequestMappingHandlerMapping : Mapped "{[/bayesian/dependency/check],methods=[POST]}" onto public org.springframework.http.ResponseEntity<com.idc.computersience.pm.controller.model.BayesianNetworkDto> com.idc.computersience.pm.controller.BayesianNetworkController.checkDependency(com.idc.computersience.pm.controller.BayesianDependency) throws java.io.IOException
2019-11-18 09:51:33.601  INFO 68669 --- [           main] s.w.s.m.m.a.RequestMappingHandlerMapping : Mapped "{[/bayesian/moralized],methods=[POST]}" onto public org.springframework.http.ResponseEntity<com.idc.computersience.pm.controller.model.undirected.MoralizedEdges> com.idc.computersience.pm.controller.BayesianNetworkController.toMoralized(java.lang.String,com.idc.computersience.pm.model.BayesianNetwork)
2019-11-18 09:51:33.601  INFO 68669 --- [           main] s.w.s.m.m.a.RequestMappingHandlerMapping : Mapped "{[/general],methods=[GET]}" onto public org.springframework.http.ResponseEntity<com.idc.computersience.pm.controller.model.GraphData> com.idc.computersience.pm.controller.BayesianNetworkController.getData()
2019-11-18 09:51:33.602  INFO 68669 --- [           main] s.w.s.m.m.a.RequestMappingHandlerMapping : Mapped "{[/undirected/elimination/prefect],methods=[POST]}" onto public org.springframework.http.ResponseEntity<com.idc.computersience.pm.controller.model.undirected.PerfectElimination> com.idc.computersience.pm.controller.UndirectedElimination.findPerfectElimination(com.idc.computersience.pm.controller.model.undirected.LeanGraph)
2019-11-18 09:51:33.603  INFO 68669 --- [           main] s.w.s.m.m.a.RequestMappingHandlerMapping : Mapped "{[/elimination/binary],methods=[GET]}" onto public org.springframework.http.ResponseEntity<com.idc.computersience.pm.model.condition.BinaryMembership> com.idc.computersience.pm.controller.UndirectedElimination.getBinaryMembership(java.lang.String)
2019-11-18 09:51:33.604  INFO 68669 --- [           main] s.w.s.m.m.a.RequestMappingHandlerMapping : Mapped "{[/v2/api-docs],methods=[GET],produces=[application/json || application/hal+json]}" onto public org.springframework.http.ResponseEntity<springfox.documentation.spring.web.json.Json> springfox.documentation.swagger2.web.Swagger2Controller.getDocumentation(java.lang.String,javax.servlet.http.HttpServletRequest)
2019-11-18 09:51:33.609  INFO 68669 --- [           main] s.w.s.m.m.a.RequestMappingHandlerMapping : Mapped "{[/swagger-resources/configuration/security]}" onto org.springframework.http.ResponseEntity<springfox.documentation.swagger.web.SecurityConfiguration> springfox.documentation.swagger.web.ApiResourceController.securityConfiguration()
2019-11-18 09:51:33.610  INFO 68669 --- [           main] s.w.s.m.m.a.RequestMappingHandlerMapping : Mapped "{[/swagger-resources/configuration/ui]}" onto org.springframework.http.ResponseEntity<springfox.documentation.swagger.web.UiConfiguration> springfox.documentation.swagger.web.ApiResourceController.uiConfiguration()
2019-11-18 09:51:33.610  INFO 68669 --- [           main] s.w.s.m.m.a.RequestMappingHandlerMapping : Mapped "{[/swagger-resources]}" onto org.springframework.http.ResponseEntity<java.util.List<springfox.documentation.swagger.web.SwaggerResource>> springfox.documentation.swagger.web.ApiResourceController.swaggerResources()
2019-11-18 09:51:33.615  INFO 68669 --- [           main] s.w.s.m.m.a.RequestMappingHandlerMapping : Mapped "{[/error]}" onto public org.springframework.http.ResponseEntity<java.util.Map<java.lang.String, java.lang.Object>> org.springframework.boot.autoconfigure.web.BasicErrorController.error(javax.servlet.http.HttpServletRequest)
2019-11-18 09:51:33.615  INFO 68669 --- [           main] s.w.s.m.m.a.RequestMappingHandlerMapping : Mapped "{[/error],produces=[text/html]}" onto public org.springframework.web.servlet.ModelAndView org.springframework.boot.autoconfigure.web.BasicErrorController.errorHtml(javax.servlet.http.HttpServletRequest,javax.servlet.http.HttpServletResponse)
2019-11-18 09:51:33.829  INFO 68669 --- [           main] s.w.s.m.m.a.RequestMappingHandlerAdapter : Looking for @ControllerAdvice: org.springframework.boot.context.embedded.AnnotationConfigEmbeddedWebApplicationContext@4459eb14: startup date [Mon Nov 18 09:51:30 IST 2019]; root of context hierarchy
2019-11-18 09:51:33.898  INFO 68669 --- [           main] o.s.w.s.handler.SimpleUrlHandlerMapping  : Mapped URL path [/webjars/**] onto handler of type [class org.springframework.web.servlet.resource.ResourceHttpRequestHandler]
2019-11-18 09:51:33.898  INFO 68669 --- [           main] o.s.w.s.handler.SimpleUrlHandlerMapping  : Mapped URL path [/**] onto handler of type [class org.springframework.web.servlet.resource.ResourceHttpRequestHandler]
2019-11-18 09:51:33.934  INFO 68669 --- [           main] o.s.w.s.handler.SimpleUrlHandlerMapping  : Mapped URL path [/**/favicon.ico] onto handler of type [class org.springframework.web.servlet.resource.ResourceHttpRequestHandler]
2019-11-18 09:51:33.955  INFO 68669 --- [           main] oConfiguration$WelcomePageHandlerMapping : Adding welcome page: class path resource [public/index.html]
2019-11-18 09:51:34.181  INFO 68669 --- [           main] o.s.j.e.a.AnnotationMBeanExporter        : Registering beans for JMX exposure on startup
2019-11-18 09:51:34.190  INFO 68669 --- [           main] o.s.c.support.DefaultLifecycleProcessor  : Starting beans in phase 2147483647
2019-11-18 09:51:34.190  INFO 68669 --- [           main] d.s.w.p.DocumentationPluginsBootstrapper : Context refreshed
2019-11-18 09:51:34.218  INFO 68669 --- [           main] d.s.w.p.DocumentationPluginsBootstrapper : Found 1 custom documentation plugin(s)
2019-11-18 09:51:34.230  INFO 68669 --- [           main] s.d.s.w.s.ApiListingReferenceScanner     : Scanning for api listing references
2019-11-18 09:51:34.662  INFO 68669 --- [           main] application                              : Initializing Spring FrameworkServlet 'dispatcherServlet'
2019-11-18 09:51:34.662  INFO 68669 --- [           main] o.s.web.servlet.DispatcherServlet        : FrameworkServlet 'dispatcherServlet': initialization started
2019-11-18 09:51:34.676  INFO 68669 --- [           main] o.s.web.servlet.DispatcherServlet        : FrameworkServlet 'dispatcherServlet': initialization completed in 14 ms
2019-11-18 09:51:34.811  INFO 68669 --- [           main] o.e.jetty.server.AbstractConnector       : Started ServerConnector@2beee7ff{HTTP/1.1,[http/1.1]}{0.0.0.0:8080}
2019-11-18 09:51:34.815  INFO 68669 --- [           main] .s.b.c.e.j.JettyEmbeddedServletContainer : Jetty started on port(s) 8080 (http/1.1)
2019-11-18 09:51:34.821  INFO 68669 --- [           main] c.i.c.pm.ApplicationStartup              : Started ApplicationStartup in 5.617 seconds (JVM running for 6.489)
2019-11-18 10:25:05.904  INFO 68669 --- [      Thread-10] ationConfigEmbeddedWebApplicationContext : Closing org.springframework.boot.context.embedded.AnnotationConfigEmbeddedWebApplicationContext@4459eb14: startup date [Mon Nov 18 09:51:30 IST 2019]; root of context hierarchy
2019-11-18 10:25:06.113  INFO 68669 --- [      Thread-10] o.s.c.support.DefaultLifecycleProcessor  : Stopping beans in phase 2147483647
2019-11-18 10:25:06.149  INFO 68669 --- [      Thread-10] o.s.j.e.a.AnnotationMBeanExporter        : Unregistering JMX-exposed beans on shutdown
2019-11-18 10:25:06.193  INFO 68669 --- [      Thread-10] o.e.jetty.server.AbstractConnector       : Stopped ServerConnector@2beee7ff{HTTP/1.1,[http/1.1]}{0.0.0.0:8080}
2019-11-18 10:25:06.212  INFO 68669 --- [      Thread-10] application                              : Destroying Spring FrameworkServlet 'dispatcherServlet'
2019-11-18 10:25:06.215  INFO 68669 --- [      Thread-10] o.e.jetty.server.handler.ContextHandler  : Stopped o.s.b.c.e.j.JettyEmbeddedWebAppContext@60704c{/,file:///private/var/folders/l2/yt5xwzyx7k5c19l5295340n80000gn/T/jetty-docbase.9144307530230149916.8080/,UNAVAILABLE}
